18129 407816646
7 6535
2661 5647
26957 984289481
97985 295713421
7523449 479268869
12136 4102276
81581 5624465
40512 4150181
41421 902009407
4425 21909
1 5155201
2895 5056
1097 7377
9 531177785
5 372002853
8755 5064099
9 656062765
777261 6624767
9 164178340
6 30893
5 605
65731 652506873
1942401 4339221
2436 5233575
275506 122519384
3869 6596989
23657 551872519
2 5605
1 84585
6 5423942
45861 1417153
68807605 291881299
7367 1914575
5259914 930645517
2211 27746
7111 349542477
57617 69650919
1 5521
9 6674397
361070957 471538891
5 3251792
7 69127
9135 30522
1015 12395
2479 18311
1 8687942
7 953474193
8214585 864592649
7 2775688
7 9396
7 6834011
3081 902603743
61401 6626671
1 2475
3 3
7773 181205
494815818 755194225
3665 9147
65026 8729981
29729 62798
7312523 415965673
26386 307126991
3 10
9 3679801
7 2636
9 28065
8485 794869186
6959 1575236
7375 1300264
5 10
4410522 9885001
5135 58037
8195 4729676
3896 5054
4 54395
6 706497421
2895084 18881241
6309 8201061
53045 464377
29793 9722589
36027 867799925
4 255595486
837098 960052825
218 4528519
80881 3148706
7036 654995496
1268 56394
1 4
1 6719337
1761 487011681
10326 49439
3786 5173
31761 660726713
1 7210298
859203091 883975991
39081 901382103
7 86393
79641 7931613
1 9516301