0 1 3 3 3 5 6 7 7 
0 1 2 3 5 5 5 7 7 
0 1 3 3 3 4 6 7 7 
7 7 6 4 4 4 2 1 0 
7 7 6 5 4 2 2 2 0 
7 7 6 4 4 4 3 1 0 
0
25 40 60 75 100 120 140 
26 40 60 74 100 120 140 
25 40 60 75 95 115 140 
140 115 100 80 65 40 20 
140 114 100 80 66 40 20 
140 115 100 80 65 45 25 
0
25 40 60 75 100 120 140 160 180 
26 40 60 74 100 120 140 160 180 
25 40 60 75 100 115 135 155 180 
180 155 140 120 105 80 60 40 20 
180 154 140 120 106 80 60 40 20 
180 155 140 120 105 80 65 45 25 
0
25 40 60 75 100 120 140 160 180 200 220 
26 40 60 74 100 120 140 160 180 200 220 
25 40 60 75 100 120 135 155 175 195 220 
220 195 180 160 145 120 100 80 60 40 20 
220 194 180 160 146 120 100 80 60 40 20 
220 195 180 160 145 120 100 85 65 45 25 
0
25 40 60 75 100 120 140 160 180 200 220 240 260 
26 40 60 74 100 120 140 160 180 200 220 240 260 
25 40 60 75 100 120 140 155 175 195 215 235 260 
260 235 220 200 185 160 140 120 100 80 60 40 20 
260 234 220 200 186 160 140 120 100 80 60 40 20 
260 235 220 200 185 160 140 120 105 85 65 45 25 
0
25 40 60 75 100 120 140 160 180 200 220 240 260 280 300 
26 40 60 74 100 120 140 160 180 200 220 240 260 280 300 
25 40 60 75 100 120 140 160 175 195 215 235 255 275 300 
300 275 260 240 225 200 180 160 140 120 100 80 60 40 20 
300 274 260 240 226 200 180 160 140 120 100 80 60 40 20 
300 275 260 240 225 200 180 160 140 125 105 85 65 45 25 
0
909459 1388951 2065875 2290072 2452938 2617433 2810701 3553157 4281434 
948845 1404269 2136119 2464009 2768159 3005510 3257273 3483118 4281434 
975446 1376616 2169530 2441793 2742563 2984600 3221219 3555535 4281434 
4281434 3371975 2892483 2215559 1991362 1828496 1664001 1470733 728277 
4281434 3332589 2877165 2145315 1817425 1513275 1275924 1024161 798316  
4281434 3305988 2904818 2111904 1839641 1538871 1296834 1060215 725899 
0
