-> 0 10
-> 1 2
2 5
3 8
4 11
5 14
6 17
7 20
8 23
9 26
10 29
11 32
12 35
13 14
14 16
15 18
16 20
17 22
18 24
19 26
20 28
21 30
22 32
23 34
24 36
25 38
26 40
27 42
28 44
29 46
30 48
31 50
32 52
33 54
34 56
35 58
36 60
37 62
38 64
39 66
40 68
41 70
42 72
43 74
44 76
45 78
46 80
47 82
48 84
49 86
50 88
51 90
52 92
53 94
54 96
55 98
56 100
57 102
58 104
59 106
60 108
61 110
62 112
63 114
64 116
65 118
66 120
67 122
68 124
69 126
70 128
71 130
72 132
73 134
74 136
75 138
76 140
77 142
78 144
79 146
80 148
81 150
82 152
83 154
84 156
85 158
86 160
87 162
88 164
89 166
90 168
91 170
92 172
93 174
94 176
95 178
96 180
97 182
98 184
99 186
100 188
101 190
102 192
103 194
104 196
105 198
106 200
107 202
108 204
109 206
110 208
111 210
112 212
113 214
114 216
115 218
116 220
117 222
118 224
119 226
120 228
121 230
122 232
123 234
124 236
125 238
126 240
127 242
128 244
129 246
130 248
131 250
132 252
133 254
134 256
135 258
136 260
137 262
138 264
139 266
140 268
141 270
142 272
143 274
144 276
145 278
146 280
147 282
148 284
149 286
150 288
151 290
152 292
153 294
154 296
155 298
156 300
157 302
158 304
159 306
160 308
161 310
162 312
163 314
164 316
165 318
166 320
167 322
168 324
169 326
170 328
171 330
172 332
173 334
174 336
175 338
176 340
177 342
178 344
179 346
180 348
181 350
182 352
183 354
184 356
185 358
186 360
187 362
188 364
189 366
190 368
191 370
192 372
193 374
194 376
195 378
196 380
197 382
198 384
199 386
200 388
201 390
202 392
203 394
204 396
205 398
206 400
207 402
208 404
209 406
210 408
211 410
212 412
213 414
214 416
215 418
216 420
217 422
218 424
219 426
220 428
221 430
222 432
223 434
224 436
225 438
226 440
227 442
228 444
229 446
230 448
231 450
232 452
233 454
234 456
235 458
236 460
237 462
238 464
239 466
240 468
241 470
242 472
243 474
244 476
245 478
246 480
247 482
248 484
249 486
250 488
251 490
252 492
253 494
254 496
255 498
256 500
257 502
258 504
259 506
260 508
261 510
262 512
263 514
264 516
265 518
266 520
267 522
268 524
269 526
270 528
271 530
272 532
273 534
274 536
275 538
276 540
277 542
278 544
279 546
280 548
281 550
282 552
283 554
284 556
285 558
286 560
287 562
288 564
289 566
290 568
291 570
292 572
293 574
294 576
295 578
296 580
297 582
298 584
299 586
300 588
301 590
302 592
303 594
304 596
305 598
306 600
307 602
308 604
309 606
310 608
311 610
312 612
313 614
314 616
315 618
316 620
317 622
318 624
319 626
320 628
321 630
322 632
323 634
324 636
325 638
326 640
327 642
328 644
329 646
330 648
331 650
332 652
333 654
334 656
335 658
336 660
337 662
338 664
339 666
340 668
341 670
342 672
343 674
344 676
345 678
346 680
347 682
348 684
349 686
350 688
351 690
352 692
353 694
354 696
355 698
356 700
357 702
358 704
359 706
360 708
361 710
362 712
363 714
364 716
365 718
366 720
367 722
368 724
369 726
370 728
371 730
372 732
373 734
374 736
375 738
376 740
377 742
378 744
379 746
380 748
381 750
382 752
383 754
384 756
385 758
386 760
387 762
388 764
389 766
390 768
391 770
392 772
393 774
394 776
395 778
396 780
397 782
398 784
399 786
400 788
401 790
402 792
403 794
404 796
405 798
406 800
407 802
408 804
409 806
410 808
411 810
412 812
413 814
414 816
415 818
416 820
417 822
418 824
419 826
420 828
421 830
422 832
423 834
424 836
425 838
426 840
427 842
428 844
429 846
430 848
431 850
432 852
433 854
434 856
435 858
436 860
437 862
438 864
439 866
440 868
441 870
442 872
443 874
444 876
445 878
446 880
447 882
448 884
449 886
450 888
451 890
452 892
453 894
454 896
455 898
456 900
457 902
458 904
459 906
460 908
461 910
462 912
463 914
464 916
465 918
466 920
467 922
468 924
469 926
470 928
471 930
472 932
473 934
474 936
475 938
476 940
477 942
478 944
479 946
480 948
481 950
482 952
483 954
484 956
485 958
486 960
487 962
488 964
489 966
490 968
491 970
492 972
493 974
494 976
495 978
496 980
497 982
498 984
499 986
500 988
501 990
502 992
503 994
504 996
505 998
506 1000
507 1002
508 1004
509 1006
510 1008
511 1010
512 1012
513 1014
514 1016
515 1018
516 1020
517 1022
518 1024
519 1026
520 1028
521 1030
522 1032
523 1034
524 1036
525 1038
526 1040
527 1042
528 1044
529 1046
530 1048
531 1050
532 1052
533 1054
534 1056
535 1058
536 1060
537 1062
538 1064
539 1066
540 1068
541 1070
542 1072
543 1074
544 1076
545 1078
546 1080
547 1082
548 1084
549 1086
550 1088
551 1090
552 1092
553 1094
554 1096
555 1098
556 1100
557 1102
558 1104
559 1106
560 1108
561 1110
562 1112
563 1114
564 1116
565 1118
566 1120
567 1122
568 1124
569 1126
570 1128
571 1130
572 1132
573 1134
574 1136
575 1138
576 1140
577 1142
578 1144
579 1146
580 1148
581 1150
582 1152
583 1154
584 1156
585 1158
586 1160
587 1162
588 1164
589 1166
590 1168
591 1170
592 1172
593 1174
594 1176
595 1178
596 1180
597 1182
598 1184
599 1186
600 1188
601 1190
602 1192
603 1194
604 1196
605 1198
606 1200
607 1202
608 1204
609 1206
610 1208
611 1210
612 1212
613 1214
614 1216
615 1218
616 1220
617 1222
618 1224
619 1226
620 1228
621 1230
622 1232
623 1234
624 1236
625 1238
626 1240
627 1242
628 1244
629 1246
630 1248
631 1250
632 1252
633 1254
634 1256
635 1258
636 1260
637 1262
638 1264
639 1266
640 1268
641 1270
642 1272
643 1274
644 1276
645 1278
646 1280
647 1282
648 1284
649 1286
650 1288
651 1290
652 1292
653 1294
654 1296
655 1298
656 1300
657 1302
658 1304
659 1306
660 1308
661 1310
662 1312
663 1314
664 1316
665 1318
666 1320
667 1322
668 1324
669 1326
670 1328
671 1330
672 1332
673 1334
674 1336
675 1338
676 1340
677 1342
678 1344
679 1346
680 1348
681 1350
682 1352
683 1354
684 1356
685 1358
686 1360
687 1362
688 1364
689 1366
690 1368
691 1370
692 1372
693 1374
694 1376
695 1378
696 1380
697 1382
698 1384
699 1386
700 1388
701 1390
702 1392
703 1394
704 1396
705 1398
706 1400
707 1402
708 1404
709 1406
710 1408
711 1410
712 1412
713 1414
714 1416
715 1418
716 1420
717 1422
718 1424
719 1426
720 1428
721 1430
722 1432
723 1434
724 1436
725 1438
726 1440
727 1442
728 1444
729 1446
730 1448
731 1450
732 1452
733 1454
734 1456
735 1458
736 1460
737 1462
738 1464
739 1466
740 1468
741 1470
742 1472
743 1474
744 1476
745 1478
746 1480
747 1482
748 1484
749 1486
750 1488
751 1490
752 1492
753 1494
754 1496
755 1498
756 1500
757 1502
758 1504
759 1506
760 1508
761 1510
762 1512
763 1514
764 1516
765 1518
766 1520
767 1522
768 1524
769 1526
770 1528
771 1530
772 1532
773 1534
774 1536
775 1538
776 1540
777 1542
778 1544
779 1546
780 1548
781 1550
782 1552
783 1554
784 1556
785 1558
786 1560
787 1562
788 1564
789 1566
790 1568
791 1570
792 1572
793 1574
794 1576
795 1578
796 1580
797 1582
798 1584
799 1586
800 1588
801 1590
802 1592
803 1594
804 1596
805 1598
806 1600
807 1602
808 1604
809 1606
810 1608
811 1610
812 1612
813 1614
814 1616
815 1618
816 1620
817 1622
818 1624
819 1626
820 1628
821 1630
822 1632
823 1634
824 1636
825 1638
826 1640
827 1642
828 1644
829 1646
830 1648
831 1650
832 1652
833 1654
834 1656
835 1658
836 1660
837 1662
838 1664
839 1666
840 1668
841 1670
842 1672
843 1674
844 1676
845 1678
846 1680
847 1682
848 1684
849 1686
850 1688
851 1690
852 1692
853 1694
854 1696
855 1698
856 1700
857 1702
858 1704
859 1706
860 1708
861 1710
862 1712
863 1714
864 1716
865 1718
866 1720
867 1722
868 1724
869 1726
870 1728
871 1730
872 1732
873 1734
874 1736
875 1738
876 1740
877 1742
878 1744
879 1746
880 1748
881 1750
882 1752
883 1754
884 1756
885 1758
886 1760
887 1762
888 1764
889 1766
890 1768
891 1770
892 1772
893 1774
894 1776
895 1778
896 1780
897 1782
898 1784
899 1786
900 1788
901 1790
902 1792
903 1794
904 1796
905 1798
906 1800
907 1802
908 1804
909 1806
910 1808
911 1810
912 1812
913 1814
914 1816
915 1818
916 1820
917 1822
918 1824
919 1826
920 1828
921 1830
922 1832
923 1834
924 1836
925 1838
926 1840
927 1842
928 1844
929 1846
930 1848
931 1850
932 1852
933 1854
934 1856
935 1858
936 1860
937 1862
938 1864
939 1866
940 1868
941 1870
942 1872
943 1874
944 1876
945 1878
946 1880
947 1882
948 1884
949 1886
950 1888
951 1890
952 1892
953 1894
954 1896
955 1898
956 1900
957 1902
958 1904
959 1906
960 1908
961 1910
962 1912
963 1914
964 1916
965 1918
966 1920
967 1922
968 1924
969 1926
970 1928
971 1930
972 1932
973 1934
974 1936
975 1938
976 1940
977 1942
978 1944
979 1946
980 1948
981 1950
982 1952
983 1954
984 1956
985 1958
986 1960
987 1962
988 1964
989 1966
990 1968
991 1970
992 1972
993 1974
994 1976
995 1978
996 1980
997 1982
998 1984
999 1986
2
-
0
-
-> 0 491
1 2405
2 4217
3 1530
4 3137
-> 5 243
6 1645
7 2945
8 4143
9 836
10 1829
11 2720
12 3509
13 4196
14 373
15 855
16 1235
17 1513
18 1689
19 1763
20 1735
21 1605
22 1373
23 1039
24 603
-> 25 65
26 3845
27 3104
28 2261
29 1316
30 269
31 3545
32 2295
33 943
34 3917
35 2362
36 705
37 3377
38 1517
39 3988
40 1925
41 4195
42 1929
43 3998
44 1529
45 3397
46 725
47 2392
48 3959
49 983
50 2349
51 3615
52 335
53 1400
54 2365
55 3230
56 3995
57 209
58 773
59 1237
60 1601
61 1865
62 2029
63 2093
64 2057
65 1921
66 1685
67 1349
68 913
69 377
70 4205
71 3470
72 2635
73 1700
74 665
75 3999
76 2765
77 1431
78 4469
79 2936
80 1303
81 4045
82 2213
83 281
84 2727
85 596
86 2845
87 515
88 2567
89 4521
90 1893
91 3650
92 823
93 2383
94 3845
95 720
96 1985
97 3152
98 4221
99 699
100 1571
101 2345
102 3021
103 3599
104 4079
105 4461
106 245
107 430
108 517
109 506
110 397
111 190
112 4391
113 3989
114 3489
115 2891
116 2195
117 1401
118 509
119 4032
120 2945
121 1760
122 477
123 3613
124 2135
125 559
126 3405
127 1634
128 4287
129 2321
130 257
131 2620
132 361
133 2531
134 4605
135 2054
136 3935
137 1189
138 2877
139 4469
140 1431
141 2830
142 4133
143 803
144 1913
145 2927
146 3845
147 4667
148 851
149 1480
150 2013
151 2450
152 2791
153 3036
154 3185
155 3238
156 3195
157 3056
158 2821
159 2490
160 2063
161 1540
162 921
163 206
164 3953
165 3047
166 2045
167 947
168 4315
169 3026
170 1641
171 4725
172 3149
173 1477
174 4277
175 2414
176 455
177 2971
178 821
179 3148
180 807
181 2945
182 413
183 2362
184 4217
185 1399
186 3065
187 4637
188 1533
189 2916
190 4205
191 815
192 1915
193 2921
194 3833
195 4651
196 785
197 1414
198 1949
199 2390
200 2737
201 2990
202 3149
203 3214
204 3185
205 3062
206 2845
207 2534
208 2129
209 1630
210 1037
211 350
212 4175
213 3301
214 2333
215 1271
216 4725
217 3476
218 2133
219 696
220 3779
221 2155
222 437
223 3242
224 1337
225 3957
226 1865
227 4300
228 2021
229 4271
230 1805
231 3870
232 1217
233 3097
234 257
235 1952
236 3555
237 435
238 1853
239 3179
240 4413
241 920
242 1969
243 2926
244 3791
245 4564
246 605
247 1193
248 1689
249 2093
250 2405
251 2625
252 2753
253 2789
254 2733
255 2585
256 2345
257 2013
258 1589
259 1073
260 465
261 4420
262 3629
263 2746
264 1771
265 704
266 4205
267 2955
268 1613
269 4842
270 3317
271 1700
272 4657
273 2857
274 965
275 3650
276 1575
277 4079
278 1821
279 4144
280 1703
281 3845
282 1221
283 3182
284 375
285 2155
286 3845
287 764
288 2273
289 3692
290 337
291 1575
292 2723
293 3781
294 4749
295 938
296 1725
297 2422
298 3029
299 3546
300 3973
301 4310
302 4557
303 4714
304 4781
305 4758
306 4645
307 4442
308 4149
309 3766
310 3293
311 2730
312 2077
313 1334
314 501
315 4287
316 3275
317 2173
318 981
319 4412
320 3041
321 1580
322 4745
323 3105
324 1375
325 4274
326 2365
327 366
328 2999
329 821
330 3277
331 920
332 3199
333 663
334 2765
335 4779
336 1975
337 3812
338 829
339 2489
340 4061
341 810
342 2205
343 3512
344 4731
345 1123
346 2165
347 3119
348 3985
349 4763
350 709
351 1310
352 1823
353 2248
354 2585
355 2834
356 2995
357 3068
358 3053
359 2950
360 2759
361 2480
362 2113
363 1658
364 1115
365 484
366 4525
367 3719
368 2825
369 1843
370 773
371 4380
372 3135
373 1802
374 381
375 3641
376 2045
377 5132
378 3361
379 1502
380 4329
381 2295
382 4949
383 2740
384 443
385 2837
386 5145
387 2586
388 4721
389 1987
390 3949
391 1040
392 2829
393 4532
394 1361
395 2891
396 4335
397 902
398 2173
399 3358
400 4457
401 675
402 1601
403 2441
404 3195
405 3863
406 4445
407 4941
408 549
409 872
410 1109
411 1260
412 1325
413 1304
414 1197
415 1004
416 725
417 5171
418 4721
419 4185
420 3563
421 2855
422 2061
423 1181
424 5033
425 3982
426 2845
427 1622
428 5135
429 3741
430 2261
431 695
432 3869
433 2132
434 5137
435 3229
436 1235
437 3986
438 1821
439 4403
440 2067
441 4480
442 1973
443 4217
444 1539
445 3614
446 765
447 2671
448 4493
449 1388
450 3041
451 4610
452 1249
453 2649
454 3965
455 5197
456 1495
457 2558
458 3537
459 4432
460 5243
461 1115
462 1757
463 2315
464 2789
465 3179
466 3485
467 3707
468 3845
469 3899
470 3869
471 3755
472 3557
473 3275
474 2909
475 2459
476 1925
477 1307
478 605
479 4692
480 3823
481 2870
482 1833
483 712
484 4385
485 3097
486 1725
487 5150
488 3611
489 1988
490 5165
491 3375
492 1501
493 4430
494 2389
495 5153
496 2945
497 653
498 3169
499 710
500 3061
501 5330
502 2621
503 4725
504 1849
505 3788
506 745
507 2519
508 4211
509 918
510 2445
511 3890
512 5253
513 1627
514 2825
515 3941
516 4975
517 1016
518 1885
519 2672
520 3377
521 4000
522 4541
523 5000
524 5377
525 753
526 965
527 1095
528 1143
529 1109
530 993
531 795
532 5441
533 5080
534 4637
535 4112
536 3505
537 2816
538 2045
539 1192
540 5191
541 4175
542 3077
543 1897
544 635
545 4230
546 2805
547 1298
548 4651
549 2981
550 1229
551 4340
552 2425
553 5375
554 3297
555 1137
556 3845
557 1522
558 4069
559 1583
560 3969
561 1320
562 3545
563 733
564 2797
565 4781
566 1725
567 3548
568 5291
569 1991
570 3573
571 5075
572 1531
573 2872
574 4133
575 5314
576 1445
577 2465
578 3405
579 4265
580 5045
581 770
582 1389
583 1928
584 2387
585 2766
586 3065
587 3284
588 3423
589 3482
590 3461
591 3360
592 3179
593 2918
594 2577
595 2156
596 1655
597 1074
598 5405
599 4665
600 3845
601 2945
602 1965
603 905
604 4763
605 3544
606 2245
607 866
608 4409
609 2871
610 1253
611 4560
612 2783
613 926
614 3997
615 1981
616 4895
617 2720
618 5477
619 3143
620 729
621 3250
622 677
623 3041
624 5327
625 2516
626 4645
627 1675
628 3647
629 5541
630 2333
631 4070
632 703
633 2283
634 3785
635 5209
636 1525
637 2792
638 3981
639 5092
640 1091
641 2045
642 2921
643 3719
644 4439
645 5081
646 5645
647 1090
648 1497
649 1826
650 2077
651 2250
652 2345
653 2362
654 2301
655 2162
656 1945
657 1650
658 1277
659 826
660 5351
661 4745
662 4061
663 3299
664 2459
665 1541
666 5605
667 4532
668 3381
669 2152
670 845
671 4525
672 3063
673 1523
674 4973
675 3278
676 1505
677 4725
678 2797
679 791
680 3781
681 1620
682 4457
683 2141
684 4825
685 2354
686 4885
687 2259
688 4637
689 1856
690 4081
691 1145
692 3217
693 5213
694 2045
695 3888
696 5655
697 2255
698 3869
699 5407
700 1775
701 3160
702 4469
703 5702
704 1761
705 2841
706 3845
707 4773
708 5625
709 1298
710 1997
711 2620
712 3167
713 3638
714 4033
715 4352
716 4595
717 4762
718 4853
719 4868
720 4807
721 4670
722 4457
723 4168
724 3803
725 3362
726 2845
727 2252
728 1583
729 838
730 5141
731 4245
732 3273
733 2225
734 1101
735 5030
736 3755
737 2404
738 977
739 4607
740 3029
741 1375
742 4781
743 2976
744 1095
745 4277
746 2245
747 5278
748 3095
749 836
750 3645
751 1235
752 3895
753 1334
754 3845
755 1133
756 3495
757 5783
758 2845
759 4984
760 1895
761 3885
762 5801
763 2486
764 4253
765 787
766 2405
767 3949
768 5419
769 1652
770 2973
771 4220
772 5393
773 1325
774 2349
775 3299
776 4175
777 4977
778 5705
779 1186
780 1765
781 2270
782 2701
783 3058
784 3341
785 3550
786 3685
787 3746
788 3733
789 3646
790 3485
791 3250
792 2941
793 2558
794 2101
795 1570
796 965
797 5477
798 4725
799 3899
800 2999
801 2025
802 977
803 5052
804 3857
805 2588
806 1245
807 5029
808 3539
809 1975
810 5541
811 3830
812 2045
813 5393
814 3461
815 1455
816 4585
817 2432
818 5417
819 3117
820 5957
821 3510
822 989
823 3611
824 943
825 3420
826 5825
827 2937
828 5197
829 2162
830 4277
831 1095
832 3065
833 4963
834 1561
835 3314
836 4995
837 1373
838 2909
839 4373
840 5765
841 1850
842 3097
843 4272
844 5375
845 1167
846 2125
847 3011
848 3825
849 4567
850 5237
851 5835
852 1115
853 1568
854 1949
855 2258
856 2495
857 2660
858 2753
859 2774
860 2723
861 2600
862 2405
863 2138
864 1799
865 1388
866 905
867 5611
868 4985
869 4287
870 3517
871 2675
872 1761
873 6042
874 4985
875 3856
876 2655
877 1382
878 5309
879 3893
880 2405
881 6120
882 4489
883 2786
884 1011
885 4443
886 2525
887 5816
888 3755
889 1622
890 4701
891 2425
892 5363
893 2944
894 5741
895 3179
896 5835
897 3130
898 5645
899 2797
900 5171
901 2180
902 4413
903 1279
904 3371
905 5393
906 2045
907 3926
908 5737
909 2175
910 3845
911 5445
912 1669
913 3128
914 4517
915 5836
916 1775
917 2953
918 4061
919 5099
920 6067
921 1650
922 2477
923 3234
924 3921
925 4538
926 5085
927 5562
928 5969
929 983
930 1249
931 1445
932 1571
933 1627
934 1613
935 1529
936 1375
937 1151
938 6189
939 5826
940 5393
941 4890
942 4317
943 3674
944 2961
945 2178
946 1325
947 5743
948 4751
949 3689
950 2557
951 1355
952 5429
953 4088
954 2677
955 1196
956 4995
957 3375
958 1685
959 5278
960 3449
961 1550
962 4937
963 2899
964 6149
965 3972
966 1725
967 4769
968 2383
969 5290
970 2765
971 5535
972 2871
973 5504
974 2701
975 5197
976 2255
977 4614
978 1533
979 3755
980 5909
981 2620
982 4637
983 1209
984 3089
985 4901
986 1265
987 2940
988 4547
989 6086
990 2173
991 3575
992 4909
993 6175
994 1985
995 3114
996 4175
997 5168
998 6093
999 1557
65
-
-> 0 2429708
1 2429715
2 2429722
3 2429729
4 2429736
5 2429743
6 2429750
7 2429757
8 2429764
9 2429771
10 2429778
11 2429785
12 2429792
13 2429799
14 2429806
15 2429813
16 2429820
17 2429827
18 2429834
19 2429841
20 2429848
21 2429855
22 2429862
23 2429869
24 2429876
25 2429883
26 2429890
27 2429897
28 2429904
29 2429911
30 2429918
31 2429925
32 2429932
33 2429939
34 2429946
35 2429953
36 2429960
37 2429967
38 2429974
39 2429981
40 2429988
41 2429995
42 2430002
43 2430009
44 2430016
45 2430023
46 2430030
47 2430037
48 2430044
49 2430051
50 2430058
51 2430065
52 2430072
53 2430079
54 2430086
55 2430093
56 2430100
57 2430107
58 2430114
59 2430121
60 2430128
61 2430135
62 2430142
63 2430149
64 2430156
65 2430163
66 2430170
67 2430177
68 2430184
69 2430191
70 2430198
71 2430205
72 2430212
73 2430219
74 2430226
75 2430233
76 2430240
77 2430247
78 2430254
79 2430261
80 2430268
81 2430275
82 2430282
83 2430289
84 2430296
85 2430303
86 2430310
87 2430317
88 2430324
89 2430331
90 2430338
91 2430345
92 2430352
93 2430359
94 2430366
95 2430373
96 2430380
97 2430387
98 2430394
99 2430401
100 2430408
101 2430415
102 2430422
103 2430429
104 2430436
105 2430443
106 2430450
107 2430457
108 2430464
109 2430471
110 2430478
111 2430485
112 2430492
113 2430499
114 2430506
115 2430513
116 2430520
117 2430527
118 2430534
119 2430541
120 2430548
121 2430555
122 2430562
123 2430569
124 2430576
125 2430583
126 2430590
127 2430597
128 2430604
129 2430611
130 2430618
131 2430625
132 2430632
133 2430639
134 2430646
135 2430653
136 2430660
137 2430667
138 2430674
139 2430681
140 2430688
141 2430695
142 2430702
143 2430709
144 2430716
145 2430723
146 2430730
147 2430737
148 2430744
149 2430751
150 2430758
151 2430765
152 2430772
153 2430779
154 2430786
155 2430793
156 2430800
157 2430807
158 2430814
159 2430821
160 2430828
161 2430835
162 2430842
163 2430849
164 2430856
165 2430863
166 2430870
167 2430877
168 2430884
169 2430891
170 2430898
171 2430905
172 2430912
173 2430919
174 2430926
175 2430933
176 2430940
177 2430947
178 2430954
179 2430961
180 2430968
181 2430975
182 2430982
183 2430989
184 2430996
185 2431003
186 2431010
187 2431017
188 2431024
189 2431031
190 2431038
191 2431045
192 2431052
193 2431059
194 2431066
195 2431073
196 2431080
197 2431087
198 2431094
199 2431101
200 2431108
201 2431115
202 2431122
203 2431129
204 2431136
205 2431143
206 2431150
207 2431157
208 2431164
209 2431171
210 2431178
211 2431185
212 2431192
213 2431199
214 2431206
215 2431213
216 2431220
217 2431227
218 2431234
219 2431241
220 2431248
221 2431255
222 2431262
223 2431269
224 2431276
225 2431283
226 2431290
227 2431297
228 2431304
229 2431311
230 2431318
231 2431325
232 2431332
233 2431339
234 2431346
235 2431353
236 2431360
237 2431367
238 2431374
239 2431381
240 2431388
241 2431395
242 2431402
243 2431409
244 2431416
245 2431423
246 2431430
247 2431437
248 2431444
249 2431451
250 2431458
251 2431465
252 2431472
253 2431479
254 2431486
255 2431493
256 2431500
257 2431507
258 2431514
259 2431521
260 2431528
261 2431535
262 2431542
263 2431549
264 2431556
265 2431563
266 2431570
267 2431577
268 2431584
269 2431591
270 2431598
271 2431605
272 2431612
273 2431619
274 2431626
275 2431633
276 2431640
277 2431647
278 2431654
279 2431661
280 2431668
281 2431675
282 2431682
283 2431689
284 2431696
285 2431703
286 2431710
287 2431717
288 2431724
289 2431731
290 2431738
291 2431745
292 2431752
293 2431759
294 2431766
295 2431773
296 2431780
297 2431787
298 2431794
299 2431801
300 2431808
301 2431815
302 2431822
303 2431829
304 2431836
305 2431843
306 2431850
307 2431857
308 2431864
309 2431871
310 2431878
311 2431885
312 2431892
313 2431899
314 2431906
315 2431913
316 2431920
317 2431927
318 2431934
319 2431941
320 2431948
321 2431955
322 2431962
323 2431969
324 2431976
325 2431983
326 2431990
327 2431997
328 2432004
329 2432011
330 2432018
331 2432025
332 2432032
333 2432039
334 2432046
335 2432053
336 2432060
337 2432067
338 2432074
339 2432081
340 2432088
341 2432095
342 2432102
343 2432109
344 2432116
345 2432123
346 2432130
347 2432137
348 2432144
349 2432151
350 2432158
351 2432165
352 2432172
353 2432179
354 2432186
355 2432193
356 2432200
357 2432207
358 2432214
359 2432221
360 2432228
361 2432235
362 2432242
363 2432249
364 2432256
365 2432263
366 2432270
367 2432277
368 2432284
369 2432291
370 2432298
371 2432305
372 2432312
373 2432319
374 2432326
375 2432333
376 2432340
377 2432347
378 2432354
379 2432361
380 2432368
381 2432375
382 2432382
383 2432389
384 2432396
385 2432403
386 2432410
387 2432417
388 2432424
389 2432431
390 2432438
391 2432445
392 2432452
393 2432459
394 2432466
395 2432473
396 2432480
397 2432487
398 2432494
399 2432501
400 2432508
401 2432515
402 2432522
403 2432529
404 2432536
405 2432543
406 2432550
407 2432557
408 2432564
409 2432571
410 2432578
411 2432585
412 2432592
413 2432599
414 2432606
415 2432613
416 2432620
417 2432627
418 2432634
419 2432641
420 2432648
421 2432655
422 2432662
423 2432669
424 2432676
425 2432683
426 2432690
427 2432697
428 2432704
429 2432711
430 2432718
431 2432725
432 2432732
433 2432739
434 2432746
435 2432753
436 2432760
437 2432767
438 2432774
439 2432781
440 2432788
441 2432795
442 2432802
443 2432809
444 2432816
445 2432823
446 2432830
447 2432837
448 2432844
449 2432851
450 2432858
451 2432865
452 2432872
453 2432879
454 2432886
455 2432893
456 2432900
457 2432907
458 2432914
459 2432921
460 2432928
461 2432935
462 2432942
463 2432949
464 2432956
465 2432963
466 2432970
467 2432977
468 2432984
469 2432991
470 2432998
471 2433005
472 2433012
473 2433019
474 2433026
475 2433033
476 2433040
477 2433047
478 2433054
479 2433061
480 2433068
481 2433075
482 2433082
483 2433089
484 2433096
485 2433103
486 2433110
487 2433117
488 2433124
489 2433131
490 2433138
491 2433145
492 2433152
493 2433159
494 2433166
495 2433173
496 2433180
497 2433187
498 2433194
499 2433201
500 2433208
501 2433215
502 2433222
503 2433229
504 2433236
505 2433243
506 2433250
507 2433257
508 2433264
509 2433271
510 2433278
511 2433285
512 2433292
513 2433299
514 2433306
515 2433313
516 2433320
517 2433327
518 2433334
519 2433341
520 2433348
521 2433355
522 2433362
523 2433369
524 2433376
525 2433383
526 2433390
527 2433397
528 2433404
529 2433411
530 2433418
531 2433425
532 2433432
533 2433439
534 2433446
535 2433453
536 2433460
537 2433467
538 2433474
539 2433481
540 2433488
541 2433495
542 2433502
543 2433509
544 2433516
545 2433523
546 2433530
547 2433537
548 2433544
549 2433551
550 2433558
551 2433565
552 2433572
553 2433579
554 2433586
555 2433593
556 2433600
557 2433607
558 2433614
559 2433621
560 2433628
561 2433635
562 2433642
563 2433649
564 2433656
565 2433663
566 2433670
567 2433677
568 2433684
569 2433691
570 2433698
571 2433705
572 2433712
573 2433719
574 2433726
575 2433733
576 2433740
577 2433747
578 2433754
579 2433761
580 2433768
581 2433775
582 2433782
583 2433789
584 2433796
585 2433803
586 2433810
587 2433817
588 2433824
589 2433831
590 2433838
591 2433845
592 2433852
593 2433859
594 2433866
595 2433873
596 2433880
597 2433887
598 2433894
599 2433901
600 2433908
601 2433915
602 2433922
603 2433929
604 2433936
605 2433943
606 2433950
607 2433957
608 2433964
609 2433971
610 2433978
611 2433985
612 2433992
613 2433999
614 2434006
615 2434013
616 2434020
617 2434027
618 2434034
619 2434041
620 2434048
621 2434055
622 2434062
623 2434069
624 2434076
625 2434083
626 2434090
627 2434097
628 2434104
629 2434111
630 2434118
631 2434125
632 2434132
633 2434139
634 2434146
635 2434153
636 2434160
637 2434167
638 2434174
639 2434181
640 2434188
641 2434195
642 2434202
643 2434209
644 2434216
645 2434223
646 2434230
647 2434237
648 2434244
649 2434251
650 2434258
651 2434265
652 2434272
653 2434279
654 2434286
655 2434293
656 2434300
657 2434307
658 2434314
659 2434321
660 2434328
661 2434335
662 2434342
663 2434349
664 2434356
665 2434363
666 2434370
667 2434377
668 2434384
669 2434391
670 2434398
671 2434405
672 2434412
673 2434419
674 2434426
675 2434433
676 2434440
677 2434447
678 2434454
679 2434461
680 2434468
681 2434475
682 2434482
683 2434489
684 2434496
685 2434503
686 2434510
687 2434517
688 2434524
689 2434531
690 2434538
691 2434545
692 2434552
693 2434559
694 2434566
695 2434573
696 2434580
697 2434587
698 2434594
699 2434601
700 2434608
701 2434615
702 2434622
703 2434629
704 2434636
705 2434643
706 2434650
707 2434657
708 2434664
709 2434671
710 2434678
711 2434685
712 2434692
713 2434699
714 2434706
715 2434713
716 2434720
717 2434727
718 2434734
719 2434741
720 2434748
721 2434755
722 2434762
723 2434769
724 2434776
725 2434783
726 2434790
727 2434797
728 2434804
729 2434811
730 2434818
731 2434825
732 2434832
733 2434839
734 2434846
735 2434853
736 2434860
737 2434867
738 2434874
739 2434881
740 2434888
741 2434895
742 2434902
743 2434909
744 2434916
745 2434923
746 2434930
747 2434937
748 2434944
749 2434951
750 2434958
751 2434965
752 2434972
753 2434979
754 2434986
755 2434993
756 2435000
757 2435007
758 2435014
759 2435021
760 2435028
761 2435035
762 2435042
763 2435049
764 2435056
765 2435063
766 2435070
767 2435077
768 2435084
769 2435091
770 2435098
771 2435105
772 2435112
773 2435119
774 2435126
775 2435133
776 2435140
777 2435147
778 2435154
779 2435161
780 2435168
781 2435175
782 2435182
783 2435189
784 2435196
785 2435203
786 2435210
787 2435217
788 2435224
789 2435231
790 2435238
791 2435245
792 2435252
793 2435259
794 2435266
795 2435273
796 2435280
797 2435287
798 2435294
799 2435301
800 2435308
801 2435315
802 2435322
803 2435329
804 2435336
805 2435343
806 2435350
807 2435357
808 2435364
809 2435371
810 2435378
811 2435385
812 2435392
813 2435399
814 2435406
815 2435413
816 2435420
817 2435427
818 2435434
819 2435441
820 2435448
821 2435455
822 2435462
823 2435469
824 2435476
825 2435483
826 2435490
827 2435497
828 2435504
829 2435511
830 2435518
831 2435525
832 2435532
833 2435539
834 2435546
835 2435553
836 2435560
837 2435567
838 2435574
839 2435581
840 2435588
841 2435595
842 2435602
843 2435609
844 2435616
845 2435623
846 2435630
847 2435637
848 2435644
849 2435651
850 2435658
851 2435665
852 2435672
853 2435679
854 2435686
855 2435693
856 2435700
857 2435707
858 2435714
859 2435721
860 2435728
861 2435735
862 2435742
863 2435749
864 2435756
865 2435763
866 2435770
867 2435777
868 2435784
869 2435791
870 2435798
871 2435805
872 2435812
873 2435819
874 2435826
875 2435833
876 2435840
877 2435847
878 2435854
879 2435861
880 2435868
881 2435875
882 2435882
883 2435889
884 2435896
885 2435903
886 2435910
887 2435917
888 2435924
889 2435931
890 2435938
891 2435945
892 2435952
893 2435959
894 2435966
895 2435973
896 2435980
897 2435987
898 2435994
899 2436001
900 2436008
901 2436015
902 2436022
903 2436029
904 2436036
905 2436043
906 2436050
907 2436057
908 2436064
909 2436071
910 2436078
911 2436085
912 2436092
913 2436099
914 2436106
915 2436113
916 2436120
917 2436127
918 2436134
919 2436141
920 2436148
921 2436155
922 2436162
923 2436169
924 2436176
925 2436183
926 2436190
927 2436197
928 2436204
929 2436211
930 2436218
931 2436225
932 2436232
933 2436239
934 2436246
935 2436253
936 2436260
937 2436267
938 2436274
939 2436281
940 2436288
941 2436295
942 2436302
943 2436309
944 2436316
945 2436323
946 2436330
947 2436337
948 2436344
949 2436351
950 2436358
951 2436365
952 2436372
953 2436379
954 2436386
955 2436393
956 2436400
957 2436407
958 2436414
959 2436421
960 2436428
961 2436435
962 2436442
963 2436449
964 2436456
965 2436463
966 2436470
967 2436477
968 2436484
969 2436491
970 2436498
971 2436505
972 2436512
973 2436519
974 2436526
975 2436533
976 2436540
977 2436547
978 2436554
979 2436561
980 2436568
981 2436575
982 2436582
983 2436589
984 2436596
985 2436603
986 2436610
987 2436617
988 2436624
989 2436631
990 2436638
991 2436645
992 2436652
993 2436659
994 2436666
995 2436673
996 2436680
997 2436687
998 2436694
999 2436701
2429708
-
8388990
-
